<?xml version="1.0" encoding="UTF-8"?>
<robot generator="Robot 4.1.3 (Python 3.10.4 on win32)" generated="20220407 15:57:28.028" rpa="false" schemaversion="2">
<suite id="s1" name="Test" source="C:\Users\DELL\project\robot_sample-main\src\test.robot">
<test id="s1-t1" name="My First Robot Test">
<kw name="Log To Console" library="BuiltIn">
<arg>Hello Robot World!</arg>
<doc>Logs the given message to the console.</doc>
<status status="PASS" starttime="20220407 15:57:28.050" endtime="20220407 15:57:28.050"/>
</kw>
<kw name="Log To Console" library="BuiltIn">
<arg>1</arg>
<doc>Logs the given message to the console.</doc>
<status status="PASS" starttime="20220407 15:57:28.051" endtime="20220407 15:57:28.051"/>
</kw>
<status status="PASS" starttime="20220407 15:57:28.050" endtime="20220407 15:57:28.051"/>
</test>
<test id="s1-t2" name="My Second Robot Test">
<kw name="Log To Console" library="BuiltIn">
<arg>2</arg>
<doc>Logs the given message to the console.</doc>
<status status="PASS" starttime="20220407 15:57:28.052" endtime="20220407 15:57:28.052"/>
</kw>
<status status="PASS" starttime="20220407 15:57:28.051" endtime="20220407 15:57:28.052"/>
</test>
<status status="PASS" starttime="20220407 15:57:28.029" endtime="20220407 15:57:28.053"/>
</suite>
<statistics>
<total>
<stat pass="2" fail="0" skip="0">All Tests</stat>
</total>
<tag>
</tag>
<suite>
<stat pass="2" fail="0" skip="0" id="s1" name="Test">Test</stat>
</suite>
</statistics>
<errors>
</errors>
</robot>
