<?xml version="1.0" encoding="UTF-8"?>
<robot generator="Robot 4.1.3 (Python 3.10.4 on win32)" generated="20220518 17:48:37.832" rpa="false" schemaversion="2">
<suite id="s1" name="Sample Test Suite" source="C:\Users\DELL\project\robot_sample-main\testcases\SampleProject\Sample Test Suite\Sample Test Suite.robot">
<test id="s1-t1" name="SP1 - Login My Store">
<kw name="[Tags] asdfs">
<msg timestamp="20220518 17:48:37.864" level="FAIL">No keyword with name '[Tags] asdfs' found.</msg>
<status status="FAIL" starttime="20220518 17:48:37.864" endtime="20220518 17:48:37.864"/>
</kw>
<kw name="Log To Console" library="BuiltIn">
<arg>Hello Robot World!</arg>
<doc>Logs the given message to the console.</doc>
<status status="NOT RUN" starttime="20220518 17:48:37.864" endtime="20220518 17:48:37.864"/>
</kw>
<kw name="Log To Console" library="BuiltIn">
<arg>1</arg>
<doc>Logs the given message to the console.</doc>
<status status="NOT RUN" starttime="20220518 17:48:37.864" endtime="20220518 17:48:37.864"/>
</kw>
<status status="FAIL" starttime="20220518 17:48:37.864" endtime="20220518 17:48:37.864">No keyword with name '[Tags] asdfs' found.</status>
</test>
<test id="s1-t2" name="SP2 - TestCase">
<kw name="[Tags] asdfasdf">
<msg timestamp="20220518 17:48:37.864" level="FAIL">No keyword with name '[Tags] asdfasdf' found.</msg>
<status status="FAIL" starttime="20220518 17:48:37.864" endtime="20220518 17:48:37.864"/>
</kw>
<kw name="Log To Console" library="BuiltIn">
<arg>2</arg>
<doc>Logs the given message to the console.</doc>
<status status="NOT RUN" starttime="20220518 17:48:37.864" endtime="20220518 17:48:37.864"/>
</kw>
<status status="FAIL" starttime="20220518 17:48:37.864" endtime="20220518 17:48:37.864">No keyword with name '[Tags] asdfasdf' found.</status>
</test>
<test id="s1-t3" name="SP60 - T5">
<kw name="Log To Console" library="BuiltIn">
<arg>4</arg>
<doc>Logs the given message to the console.</doc>
<status status="PASS" starttime="20220518 17:48:37.864" endtime="20220518 17:48:37.864"/>
</kw>
<status status="PASS" starttime="20220518 17:48:37.864" endtime="20220518 17:48:37.864"/>
</test>
<test id="s1-t4" name="SP61 - T6">
<kw name="Log To Console" library="BuiltIn">
<arg>5</arg>
<doc>Logs the given message to the console.</doc>
<status status="PASS" starttime="20220518 17:48:37.864" endtime="20220518 17:48:37.873"/>
</kw>
<kw name="Log To Console" library="BuiltIn">
<arg>6</arg>
<doc>Logs the given message to the console.</doc>
<status status="PASS" starttime="20220518 17:48:37.873" endtime="20220518 17:48:37.873"/>
</kw>
<status status="PASS" starttime="20220518 17:48:37.864" endtime="20220518 17:48:37.873"/>
</test>
<test id="s1-t5" name="SP62 - T7">
<kw name="Log To Console" library="BuiltIn">
<arg>7</arg>
<doc>Logs the given message to the console.</doc>
<status status="PASS" starttime="20220518 17:48:37.873" endtime="20220518 17:48:37.874"/>
</kw>
<status status="PASS" starttime="20220518 17:48:37.873" endtime="20220518 17:48:37.874"/>
</test>
<test id="s1-t6" name="SP63 - T8">
<kw name="Log To Console" library="BuiltIn">
<arg>7</arg>
<doc>Logs the given message to the console.</doc>
<status status="PASS" starttime="20220518 17:48:37.874" endtime="20220518 17:48:37.875"/>
</kw>
<status status="PASS" starttime="20220518 17:48:37.874" endtime="20220518 17:48:37.875"/>
</test>
<test id="s1-t7" name="SP64 - T9">
<kw name="Log To Console" library="BuiltIn">
<arg>9</arg>
<doc>Logs the given message to the console.</doc>
<status status="PASS" starttime="20220518 17:48:37.875" endtime="20220518 17:48:37.876"/>
</kw>
<status status="PASS" starttime="20220518 17:48:37.875" endtime="20220518 17:48:37.876"/>
</test>
<test id="s1-t8" name="SP65 - T10">
<kw name="Log To Console" library="BuiltIn">
<arg>10</arg>
<doc>Logs the given message to the console.</doc>
<status status="PASS" starttime="20220518 17:48:37.876" endtime="20220518 17:48:37.877"/>
</kw>
<status status="PASS" starttime="20220518 17:48:37.876" endtime="20220518 17:48:37.877"/>
</test>
<test id="s1-t9" name="SP23 - T11">
<kw name="Log To Console" library="BuiltIn">
<arg>12</arg>
<doc>Logs the given message to the console.</doc>
<status status="PASS" starttime="20220518 17:48:37.877" endtime="20220518 17:48:37.878"/>
</kw>
<status status="PASS" starttime="20220518 17:48:37.877" endtime="20220518 17:48:37.878"/>
</test>
<status status="FAIL" starttime="20220518 17:48:37.832" endtime="20220518 17:48:37.879"/>
</suite>
<statistics>
<total>
<stat pass="7" fail="2" skip="0">All Tests</stat>
</total>
<tag>
</tag>
<suite>
<stat pass="7" fail="2" skip="0" id="s1" name="Sample Test Suite">Sample Test Suite</stat>
</suite>
</statistics>
<errors>
</errors>
</robot>
