<?xml version="1.0" encoding="UTF-8"?>
<robot generator="Robot 4.1.3 (Python 3.10.4 on win32)" generated="20220412 16:29:13.535" rpa="false" schemaversion="2">
<suite id="s1" name="Test" source="c:\Users\DELL\project\robot_sample-main\src\test.robot">
<test id="s1-t1" name="My First Robot Test">
<kw name="Log To Console" library="BuiltIn">
<arg>Hello Robot World!</arg>
<doc>Logs the given message to the console.</doc>
<status status="PASS" starttime="20220412 16:29:13.620" endtime="20220412 16:29:13.622"/>
</kw>
<kw name="Log To Console" library="BuiltIn">
<arg>1</arg>
<doc>Logs the given message to the console.</doc>
<status status="PASS" starttime="20220412 16:29:13.624" endtime="20220412 16:29:13.625"/>
</kw>
<status status="PASS" starttime="20220412 16:29:13.617" endtime="20220412 16:29:13.626"/>
</test>
<test id="s1-t2" name="My Second Robot Test">
<kw name="Log To Console" library="BuiltIn">
<arg>2</arg>
<doc>Logs the given message to the console.</doc>
<status status="PASS" starttime="20220412 16:29:13.629" endtime="20220412 16:29:13.630"/>
</kw>
<status status="PASS" starttime="20220412 16:29:13.627" endtime="20220412 16:29:13.631"/>
</test>
<status status="PASS" starttime="20220412 16:29:13.540" endtime="20220412 16:29:13.633"/>
</suite>
<statistics>
<total>
<stat pass="2" fail="0" skip="0">All Tests</stat>
</total>
<tag>
</tag>
<suite>
<stat pass="2" fail="0" skip="0" id="s1" name="Test">Test</stat>
</suite>
</statistics>
<errors>
</errors>
</robot>
